<?xml version="1.0" encoding="UTF-8"?>
<testsuite xmlns:xsi="http://www.w3.org/2001/XMLSchema-instance" xsi:noNamespaceSchemaLocation="https://maven.apache.org/surefire/maven-surefire-plugin/xsd/surefire-test-report.xsd" name="sample.junit.HelloWord" time="10.027" tests="4" errors="0" skipped="1" failures="0">
  <properties>
[...]
</properties>
  <testcase name="sayHello" classname="sample.junit.HelloWord" time="0.015"/>
  <testcase name="infinity" classname="sample.junit.HelloWord" time="0">
    <skipped/>
  </testcase>
  <testcase name="test" classname="sample.junit.HelloWord" time="0.002"/>
  <testcase name="testTimeOut" classname="sample.junit.HelloWord" time="10.012"/>
</testsuite>